<?xml version="1.0" encoding="UTF-8"?>
<!-- Generated by org.testng.reporters.JUnitReportReporter -->
<testsuite hostname="4CE337D2RVINHP" failures="0" tests="1" name="Runner.RunnerTest" time="9.652" errors="0" timestamp="2024-11-25T17:49:25 IST" skipped="0">
  <testcase classname="Runner.RunnerTest" name="runScenario" time="9.652"/>
</testsuite> <!-- Runner.RunnerTest -->
